<?xml version="1.0" encoding="UTF-8"?>
<!-- Generated by org.testng.reporters.JUnitXMLReporter -->
<testsuite hostname="DESKTOP-VDML5CQ" ignored="1" name="WordPressApplicationTest(failed)" tests="6" failures="2" timestamp="2020-04-06T19:07:25 IST" time="128.143" errors="0">
  <testcase name="@BeforeMethod setup" time="61.758" classname="com.wordpress.qa.testcases.HomePageTest">
    <failure type="org.openqa.selenium.SessionNotCreatedException" message="session not created
from disconnected: unable to connect to renderer
  (Session info: chrome=80.0.3987.149)
Build info: version: &amp;apos;3.11.0&amp;apos;, revision: &amp;apos;e59cfb3&amp;apos;, time: &amp;apos;2018-03-11T20:26:55.152Z&amp;apos;
System info: host: &amp;apos;DESKTOP-VDML5CQ&amp;apos;, ip: &amp;apos;192.168.43.196&amp;apos;, os.name: &amp;apos;Windows 10&amp;apos;, os.arch: &amp;apos;amd64&amp;apos;, os.version: &amp;apos;10.0&amp;apos;, java.version: &amp;apos;1.8.0_211&amp;apos;
Driver info: driver.version: ChromeDriver
remote stacktrace: Backtrace:
	Ordinal0 [0x00460C83+1707139]
	Ordinal0 [0x003C68F1+1075441]
	Ordinal0 [0x0033DFC9+516041]
	Ordinal0 [0x00334F74+479092]
	Ordinal0 [0x0033ECA0+519328]
	Ordinal0 [0x002ECA67+182887]
	Ordinal0 [0x002EBDDD+179677]
	Ordinal0 [0x002E9D4B+171339]
	Ordinal0 [0x002D1D4A+73034]
	Ordinal0 [0x002D2DC0+77248]
	Ordinal0 [0x002D2D59+77145]
	Ordinal0 [0x003DBB67+1162087]
	GetHandleVerifier [0x004FA966+508998]
	GetHandleVerifier [0x004FA6A4+508292]
	GetHandleVerifier [0x0050F7B7+594583]
	GetHandleVerifier [0x004FB1D6+511158]
	Ordinal0 [0x003D402C+1130540]
	Ordinal0 [0x003DD4CB+1168587]
	Ordinal0 [0x003DD633+1168947]
	Ordinal0 [0x003F5B35+1268533]
	BaseThreadInitThunk [0x77786359+25]
	RtlGetAppContainerNamedObjectPath [0x77D67B74+228]
	RtlGetAppContainerNamedObjectPath [0x77D67B44+180]
">
      <![CDATA[org.openqa.selenium.SessionNotCreatedException: session not created
from disconnected: unable to connect to renderer
  (Session info: chrome=80.0.3987.149)
Build info: version: '3.11.0', revision: 'e59cfb3', time: '2018-03-11T20:26:55.152Z'
System info: host: 'DESKTOP-VDML5CQ', ip: '192.168.43.196', os.name: 'Windows 10', os.arch: 'amd64', os.version: '10.0', java.version: '1.8.0_211'
Driver info: driver.version: ChromeDriver
remote stacktrace: Backtrace:
Ordinal0 [0x00460C83+1707139]
Ordinal0 [0x003C68F1+1075441]
Ordinal0 [0x0033DFC9+516041]
Ordinal0 [0x00334F74+479092]
Ordinal0 [0x0033ECA0+519328]
Ordinal0 [0x002ECA67+182887]
Ordinal0 [0x002EBDDD+179677]
Ordinal0 [0x002E9D4B+171339]
Ordinal0 [0x002D1D4A+73034]
Ordinal0 [0x002D2DC0+77248]
Ordinal0 [0x002D2D59+77145]
Ordinal0 [0x003DBB67+1162087]
GetHandleVerifier [0x004FA966+508998]
GetHandleVerifier [0x004FA6A4+508292]
GetHandleVerifier [0x0050F7B7+594583]
GetHandleVerifier [0x004FB1D6+511158]
Ordinal0 [0x003D402C+1130540]
Ordinal0 [0x003DD4CB+1168587]
Ordinal0 [0x003DD633+1168947]
Ordinal0 [0x003F5B35+1268533]
BaseThreadInitThunk [0x77786359+25]
RtlGetAppContainerNamedObjectPath [0x77D67B74+228]
RtlGetAppContainerNamedObjectPath [0x77D67B44+180]

at org.openqa.selenium.remote.W3CHandshakeResponse.lambda$new$0(W3CHandshakeResponse.java:57)
at org.openqa.selenium.remote.W3CHandshakeResponse.lambda$getResponseFunction$2(W3CHandshakeResponse.java:104)
at org.openqa.selenium.remote.ProtocolHandshake.lambda$createSession$0(ProtocolHandshake.java:123)
at java.util.stream.ReferencePipeline$3$1.accept(ReferencePipeline.java:193)
at java.util.Spliterators$ArraySpliterator.tryAdvance(Spliterators.java:958)
at java.util.stream.ReferencePipeline.forEachWithCancel(ReferencePipeline.java:126)
at java.util.stream.AbstractPipeline.copyIntoWithCancel(AbstractPipeline.java:498)
at java.util.stream.AbstractPipeline.copyInto(AbstractPipeline.java:485)
at java.util.stream.AbstractPipeline.wrapAndCopyInto(AbstractPipeline.java:471)
at java.util.stream.FindOps$FindOp.evaluateSequential(FindOps.java:152)
at java.util.stream.AbstractPipeline.evaluate(AbstractPipeline.java:234)
at java.util.stream.ReferencePipeline.findFirst(ReferencePipeline.java:464)
at org.openqa.selenium.remote.ProtocolHandshake.createSession(ProtocolHandshake.java:126)
at org.openqa.selenium.remote.ProtocolHandshake.createSession(ProtocolHandshake.java:73)
at org.openqa.selenium.remote.HttpCommandExecutor.execute(HttpCommandExecutor.java:136)
at org.openqa.selenium.remote.service.DriverCommandExecutor.execute(DriverCommandExecutor.java:83)
at org.openqa.selenium.remote.RemoteWebDriver.execute(RemoteWebDriver.java:545)
at org.openqa.selenium.remote.RemoteWebDriver.startSession(RemoteWebDriver.java:209)
at org.openqa.selenium.remote.RemoteWebDriver.<init>(RemoteWebDriver.java:132)
at org.openqa.selenium.chrome.ChromeDriver.<init>(ChromeDriver.java:181)
at org.openqa.selenium.chrome.ChromeDriver.<init>(ChromeDriver.java:168)
at org.openqa.selenium.chrome.ChromeDriver.<init>(ChromeDriver.java:123)
at com.wordpress.qa.base.TestBase.initialization(TestBase.java:48)
at com.wordpress.qa.testcases.HomePageTest.setup(HomePageTest.java:41)
at java.util.ArrayList.forEach(ArrayList.java:1257)
... Removed 35 stack frames]]>
    </failure>
  </testcase> <!-- @BeforeMethod setup -->
  <testcase name="@AfterMethod tearDown" time="-1.586180245029E9" classname="com.wordpress.qa.testcases.HomePageTest">
    <skipped/>
  </testcase> <!-- @AfterMethod tearDown -->
  <testcase name="@BeforeMethod setup" time="-1.586180245032E9" classname="com.wordpress.qa.testcases.HomePageTest">
    <skipped/>
  </testcase> <!-- @BeforeMethod setup -->
  <testcase name="@AfterMethod tearDown" time="-1.586180245038E9" classname="com.wordpress.qa.testcases.HomePageTest">
    <skipped/>
  </testcase> <!-- @AfterMethod tearDown -->
  <testcase name="@AfterTest endTest" time="-1.586180245041E9" classname="com.wordpress.qa.testcases.HomePageTest">
    <skipped/>
  </testcase> <!-- @AfterTest endTest -->
  <testcase name="@AfterTest endTest" time="-1.586180245043E9" classname="com.wordpress.qa.testcases.LoginPageTest">
    <skipped/>
  </testcase> <!-- @AfterTest endTest -->
  <testcase name="loginWordPresslogoTest" time="0.184" classname="com.wordpress.qa.testcases.LoginPageTest"/>
  <testcase name="loginPageTitleTest" time="0.017" classname="com.wordpress.qa.testcases.LoginPageTest">
    <failure type="java.lang.AssertionError" message="expected [Log In ‹ opensourcecms — WordPress] but found [Privacy error]">
      <![CDATA[java.lang.AssertionError: expected [Log In ‹ opensourcecms — WordPress] but found [Privacy error]
at com.wordpress.qa.testcases.LoginPageTest.loginPageTitleTest(LoginPageTest.java:46)
at java.util.ArrayList.forEach(ArrayList.java:1257)
... Removed 32 stack frames]]>
    </failure>
  </testcase> <!-- loginPageTitleTest -->
  <testcase name="homePageTitleTest" time="0.013" classname="com.wordpress.qa.testcases.HomePageTest">
    <failure type="java.lang.AssertionError" message="expected [Dashboard ‹ opensourcecms — WordPress] but found [Dashboard ‹ 123 — WordPress]">
      <![CDATA[java.lang.AssertionError: expected [Dashboard ‹ opensourcecms — WordPress] but found [Dashboard ‹ 123 — WordPress]
at com.wordpress.qa.testcases.HomePageTest.homePageTitleTest(HomePageTest.java:50)
at java.util.ArrayList.forEach(ArrayList.java:1257)
... Removed 32 stack frames]]>
    </failure>
  </testcase> <!-- homePageTitleTest -->
  <testcase name="verifyUserNameTest" time="0.041" classname="com.wordpress.qa.testcases.HomePageTest"/>
  <testcase name="verifyAddNewPostLinkTest" time="0.0" classname="com.wordpress.qa.testcases.HomePageTest">
    <skipped/>
  </testcase> <!-- verifyAddNewPostLinkTest -->
  <testcase name="verifyAddNewUserLinkTest" time="0.0" classname="com.wordpress.qa.testcases.HomePageTest">
    <skipped/>
  </testcase> <!-- verifyAddNewUserLinkTest -->
  <testcase name="loginTest" time="0.0" classname="com.wordpress.qa.testcases.LoginPageTest">
    <ignored/>
  </testcase> <!-- loginTest -->
</testsuite> <!-- WordPressApplicationTest(failed) -->
