<!DOCTYPE html>

<html>
  <head>
  <meta charset='utf-8'>
  <title>TestNG reports</title>

    <link type="text/css" href="testng-reports.css" rel="stylesheet" />
    <script type="text/javascript" src="jquery-1.7.1.min.js"></script>
    <script type="text/javascript" src="testng-reports.js"></script>
    <script type="text/javascript" src="https://www.google.com/jsapi"></script>
    <script type='text/javascript'>
      google.load('visualization', '1', {packages:['table']});
      google.setOnLoadCallback(drawTable);
      var suiteTableInitFunctions = new Array();
      var suiteTableData = new Array();
    </script>
    <!--
      <script type="text/javascript" src="jquery-ui/js/jquery-ui-1.8.16.custom.min.js"></script>
     -->
  </head>

  <body>
    <div class="top-banner-root">
      <span class="top-banner-title-font">Test results</span>
      <br/>
      <span class="top-banner-font-1">1 suite, 2 failed tests</span>
    </div> <!-- top-banner-root -->
    <div class="navigator-root">
      <div class="navigator-suite-header">
        <span>All suites</span>
        <a href="#" class="collapse-all-link" title="Collapse/expand all the suites">
          <img class="collapse-all-icon" src="collapseall.gif">
          </img> <!-- collapse-all-icon -->
        </a> <!-- collapse-all-link -->
      </div> <!-- navigator-suite-header -->
      <div class="suite">
        <div class="rounded-window">
          <div class="suite-header light-rounded-window-top">
            <a href="#" class="navigator-link" panel-name="suite-Failed_suite__AutomationTestSuite_">
              <span class="suite-name border-failed">Failed suite [AutomationTestSuite]</span>
            </a> <!-- navigator-link -->
          </div> <!-- suite-header light-rounded-window-top -->
          <div class="navigator-suite-content">
            <div class="suite-section-title">
              <span>Info</span>
            </div> <!-- suite-section-title -->
            <div class="suite-section-content">
              <ul>
                <li>
                  <a href="#" class="navigator-link " panel-name="test-xml-Failed_suite__AutomationTestSuite_">
                    <span>D:\BesantJava\WordPressFramework\target\surefire-reports\AutomationTestSuite\testng-failed.xml</span>
                  </a> <!-- navigator-link  -->
                </li>
                <li>
                  <a href="#" class="navigator-link " panel-name="testlist-Failed_suite__AutomationTestSuite_">
                    <span class="test-stats">1 test</span>
                  </a> <!-- navigator-link  -->
                </li>
                <li>
                  <a href="#" class="navigator-link " panel-name="group-Failed_suite__AutomationTestSuite_">
                    <span>3 groups</span>
                  </a> <!-- navigator-link  -->
                </li>
                <li>
                  <a href="#" class="navigator-link " panel-name="times-Failed_suite__AutomationTestSuite_">
                    <span>Times</span>
                  </a> <!-- navigator-link  -->
                </li>
                <li>
                  <a href="#" class="navigator-link " panel-name="reporter-Failed_suite__AutomationTestSuite_">
                    <span>Reporter output</span>
                  </a> <!-- navigator-link  -->
                </li>
                <li>
                  <a href="#" class="navigator-link " panel-name="ignored-methods-Failed_suite__AutomationTestSuite_">
                    <span>Ignored methods</span>
                  </a> <!-- navigator-link  -->
                </li>
                <li>
                  <a href="#" class="navigator-link " panel-name="chronological-Failed_suite__AutomationTestSuite_">
                    <span>Chronological view</span>
                  </a> <!-- navigator-link  -->
                </li>
              </ul>
            </div> <!-- suite-section-content -->
            <div class="result-section">
              <div class="suite-section-title">
                <span>Results</span>
              </div> <!-- suite-section-title -->
              <div class="suite-section-content">
                <ul>
                  <li>
                    <span class="method-stats">6 methods, 2 failed,  2 skipped,  2 passed</span>
                  </li>
                  <li>
                    <span class="method-list-title failed">Failed methods</span>
                    <span class="show-or-hide-methods failed">
                      <a href="#" panel-name="suite-Failed_suite__AutomationTestSuite_" class="hide-methods failed suite-Failed_suite__AutomationTestSuite_"> (hide)</a> <!-- hide-methods failed suite-Failed_suite__AutomationTestSuite_ -->
                      <a href="#" panel-name="suite-Failed_suite__AutomationTestSuite_" class="show-methods failed suite-Failed_suite__AutomationTestSuite_"> (show)</a> <!-- show-methods failed suite-Failed_suite__AutomationTestSuite_ -->
                    </span>
                    <div class="method-list-content failed suite-Failed_suite__AutomationTestSuite_">
                      <span>
                        <img width="3%" src="failed.png"/>
                        <a href="#" class="method navigator-link" panel-name="suite-Failed_suite__AutomationTestSuite_" title="com.wordpress.qa.testcases.HomePageTest" hash-for-method="homePageTitleTest">homePageTitleTest</a> <!-- method navigator-link -->
                      </span>
                      <br/>
                      <span>
                        <img width="3%" src="failed.png"/>
                        <a href="#" class="method navigator-link" panel-name="suite-Failed_suite__AutomationTestSuite_" title="com.wordpress.qa.testcases.LoginPageTest" hash-for-method="loginPageTitleTest">loginPageTitleTest</a> <!-- method navigator-link -->
                      </span>
                      <br/>
                    </div> <!-- method-list-content failed suite-Failed_suite__AutomationTestSuite_ -->
                  </li>
                  <li>
                    <span class="method-list-title skipped">Skipped methods</span>
                    <span class="show-or-hide-methods skipped">
                      <a href="#" panel-name="suite-Failed_suite__AutomationTestSuite_" class="hide-methods skipped suite-Failed_suite__AutomationTestSuite_"> (hide)</a> <!-- hide-methods skipped suite-Failed_suite__AutomationTestSuite_ -->
                      <a href="#" panel-name="suite-Failed_suite__AutomationTestSuite_" class="show-methods skipped suite-Failed_suite__AutomationTestSuite_"> (show)</a> <!-- show-methods skipped suite-Failed_suite__AutomationTestSuite_ -->
                    </span>
                    <div class="method-list-content skipped suite-Failed_suite__AutomationTestSuite_">
                      <span>
                        <img width="3%" src="skipped.png"/>
                        <a href="#" class="method navigator-link" panel-name="suite-Failed_suite__AutomationTestSuite_" title="com.wordpress.qa.testcases.HomePageTest" hash-for-method="verifyAddNewPostLinkTest">verifyAddNewPostLinkTest</a> <!-- method navigator-link -->
                      </span>
                      <br/>
                      <span>
                        <img width="3%" src="skipped.png"/>
                        <a href="#" class="method navigator-link" panel-name="suite-Failed_suite__AutomationTestSuite_" title="com.wordpress.qa.testcases.HomePageTest" hash-for-method="verifyAddNewUserLinkTest">verifyAddNewUserLinkTest</a> <!-- method navigator-link -->
                      </span>
                      <br/>
                    </div> <!-- method-list-content skipped suite-Failed_suite__AutomationTestSuite_ -->
                  </li>
                  <li>
                    <span class="method-list-title passed">Passed methods</span>
                    <span class="show-or-hide-methods passed">
                      <a href="#" panel-name="suite-Failed_suite__AutomationTestSuite_" class="hide-methods passed suite-Failed_suite__AutomationTestSuite_"> (hide)</a> <!-- hide-methods passed suite-Failed_suite__AutomationTestSuite_ -->
                      <a href="#" panel-name="suite-Failed_suite__AutomationTestSuite_" class="show-methods passed suite-Failed_suite__AutomationTestSuite_"> (show)</a> <!-- show-methods passed suite-Failed_suite__AutomationTestSuite_ -->
                    </span>
                    <div class="method-list-content passed suite-Failed_suite__AutomationTestSuite_">
                      <span>
                        <img width="3%" src="passed.png"/>
                        <a href="#" class="method navigator-link" panel-name="suite-Failed_suite__AutomationTestSuite_" title="com.wordpress.qa.testcases.LoginPageTest" hash-for-method="loginWordPresslogoTest">loginWordPresslogoTest</a> <!-- method navigator-link -->
                      </span>
                      <br/>
                      <span>
                        <img width="3%" src="passed.png"/>
                        <a href="#" class="method navigator-link" panel-name="suite-Failed_suite__AutomationTestSuite_" title="com.wordpress.qa.testcases.HomePageTest" hash-for-method="verifyUserNameTest">verifyUserNameTest</a> <!-- method navigator-link -->
                      </span>
                      <br/>
                    </div> <!-- method-list-content passed suite-Failed_suite__AutomationTestSuite_ -->
                  </li>
                </ul>
              </div> <!-- suite-section-content -->
            </div> <!-- result-section -->
          </div> <!-- navigator-suite-content -->
        </div> <!-- rounded-window -->
      </div> <!-- suite -->
    </div> <!-- navigator-root -->
    <div class="wrapper">
      <div class="main-panel-root">
        <div panel-name="suite-Failed_suite__AutomationTestSuite_" class="panel Failed_suite__AutomationTestSuite_">
          <div class="suite-Failed_suite__AutomationTestSuite_-class-failed">
            <div class="main-panel-header rounded-window-top">
              <img src="failed.png"/>
              <span class="class-name">com.wordpress.qa.testcases.HomePageTest</span>
            </div> <!-- main-panel-header rounded-window-top -->
            <div class="main-panel-content rounded-window-bottom">
              <div class="method">
                <div class="method-content">
                  <a name="homePageTitleTest">
                  </a> <!-- homePageTitleTest -->
                  <span class="method-name">homePageTitleTest</span>
                  <div class="stack-trace">java.lang.AssertionError: expected [Dashboard ‹ opensourcecms — WordPress] but found [Dashboard ‹ 123 — WordPress]
	at com.wordpress.qa.testcases.HomePageTest.homePageTitleTest(HomePageTest.java:50)
	at java.util.ArrayList.forEach(ArrayList.java:1257)
... Removed 32 stack frames
</div> <!-- stack-trace -->
                </div> <!-- method-content -->
              </div> <!-- method -->
            </div> <!-- main-panel-content rounded-window-bottom -->
          </div> <!-- suite-Failed_suite__AutomationTestSuite_-class-failed -->
          <div class="suite-Failed_suite__AutomationTestSuite_-class-failed">
            <div class="main-panel-header rounded-window-top">
              <img src="failed.png"/>
              <span class="class-name">com.wordpress.qa.testcases.LoginPageTest</span>
            </div> <!-- main-panel-header rounded-window-top -->
            <div class="main-panel-content rounded-window-bottom">
              <div class="method">
                <div class="method-content">
                  <a name="loginPageTitleTest">
                  </a> <!-- loginPageTitleTest -->
                  <span class="method-name">loginPageTitleTest</span>
                  <div class="stack-trace">java.lang.AssertionError: expected [Log In ‹ opensourcecms — WordPress] but found [Privacy error]
	at com.wordpress.qa.testcases.LoginPageTest.loginPageTitleTest(LoginPageTest.java:46)
	at java.util.ArrayList.forEach(ArrayList.java:1257)
... Removed 32 stack frames
</div> <!-- stack-trace -->
                </div> <!-- method-content -->
              </div> <!-- method -->
            </div> <!-- main-panel-content rounded-window-bottom -->
          </div> <!-- suite-Failed_suite__AutomationTestSuite_-class-failed -->
          <div class="suite-Failed_suite__AutomationTestSuite_-class-skipped">
            <div class="main-panel-header rounded-window-top">
              <img src="skipped.png"/>
              <span class="class-name">com.wordpress.qa.testcases.HomePageTest</span>
            </div> <!-- main-panel-header rounded-window-top -->
            <div class="main-panel-content rounded-window-bottom">
              <div class="method">
                <div class="method-content">
                  <a name="verifyAddNewPostLinkTest">
                  </a> <!-- verifyAddNewPostLinkTest -->
                  <span class="method-name">verifyAddNewPostLinkTest</span>
                  <div class="stack-trace">org.openqa.selenium.SessionNotCreatedException: session not created
from disconnected: unable to connect to renderer
  (Session info: chrome=80.0.3987.149)
Build info: version: &apos;3.11.0&apos;, revision: &apos;e59cfb3&apos;, time: &apos;2018-03-11T20:26:55.152Z&apos;
System info: host: &apos;DESKTOP-VDML5CQ&apos;, ip: &apos;192.168.43.196&apos;, os.name: &apos;Windows 10&apos;, os.arch: &apos;amd64&apos;, os.version: &apos;10.0&apos;, java.version: &apos;1.8.0_211&apos;
Driver info: driver.version: ChromeDriver
remote stacktrace: Backtrace:
	Ordinal0 [0x00460C83+1707139]
	Ordinal0 [0x003C68F1+1075441]
	Ordinal0 [0x0033DFC9+516041]
	Ordinal0 [0x00334F74+479092]
	Ordinal0 [0x0033ECA0+519328]
	Ordinal0 [0x002ECA67+182887]
	Ordinal0 [0x002EBDDD+179677]
	Ordinal0 [0x002E9D4B+171339]
	Ordinal0 [0x002D1D4A+73034]
	Ordinal0 [0x002D2DC0+77248]
	Ordinal0 [0x002D2D59+77145]
	Ordinal0 [0x003DBB67+1162087]
	GetHandleVerifier [0x004FA966+508998]
	GetHandleVerifier [0x004FA6A4+508292]
	GetHandleVerifier [0x0050F7B7+594583]
	GetHandleVerifier [0x004FB1D6+511158]
	Ordinal0 [0x003D402C+1130540]
	Ordinal0 [0x003DD4CB+1168587]
	Ordinal0 [0x003DD633+1168947]
	Ordinal0 [0x003F5B35+1268533]
	BaseThreadInitThunk [0x77786359+25]
	RtlGetAppContainerNamedObjectPath [0x77D67B74+228]
	RtlGetAppContainerNamedObjectPath [0x77D67B44+180]

	at org.openqa.selenium.remote.W3CHandshakeResponse.lambda$new$0(W3CHandshakeResponse.java:57)
	at org.openqa.selenium.remote.W3CHandshakeResponse.lambda$getResponseFunction$2(W3CHandshakeResponse.java:104)
	at org.openqa.selenium.remote.ProtocolHandshake.lambda$createSession$0(ProtocolHandshake.java:123)
	at java.util.stream.ReferencePipeline$3$1.accept(ReferencePipeline.java:193)
	at java.util.Spliterators$ArraySpliterator.tryAdvance(Spliterators.java:958)
	at java.util.stream.ReferencePipeline.forEachWithCancel(ReferencePipeline.java:126)
	at java.util.stream.AbstractPipeline.copyIntoWithCancel(AbstractPipeline.java:498)
	at java.util.stream.AbstractPipeline.copyInto(AbstractPipeline.java:485)
	at java.util.stream.AbstractPipeline.wrapAndCopyInto(AbstractPipeline.java:471)
	at java.util.stream.FindOps$FindOp.evaluateSequential(FindOps.java:152)
	at java.util.stream.AbstractPipeline.evaluate(AbstractPipeline.java:234)
	at java.util.stream.ReferencePipeline.findFirst(ReferencePipeline.java:464)
	at org.openqa.selenium.remote.ProtocolHandshake.createSession(ProtocolHandshake.java:126)
	at org.openqa.selenium.remote.ProtocolHandshake.createSession(ProtocolHandshake.java:73)
	at org.openqa.selenium.remote.HttpCommandExecutor.execute(HttpCommandExecutor.java:136)
	at org.openqa.selenium.remote.service.DriverCommandExecutor.execute(DriverCommandExecutor.java:83)
	at org.openqa.selenium.remote.RemoteWebDriver.execute(RemoteWebDriver.java:545)
	at org.openqa.selenium.remote.RemoteWebDriver.startSession(RemoteWebDriver.java:209)
	at org.openqa.selenium.remote.RemoteWebDriver.&lt;init&gt;(RemoteWebDriver.java:132)
	at org.openqa.selenium.chrome.ChromeDriver.&lt;init&gt;(ChromeDriver.java:181)
	at org.openqa.selenium.chrome.ChromeDriver.&lt;init&gt;(ChromeDriver.java:168)
	at org.openqa.selenium.chrome.ChromeDriver.&lt;init&gt;(ChromeDriver.java:123)
	at com.wordpress.qa.base.TestBase.initialization(TestBase.java:48)
	at com.wordpress.qa.testcases.HomePageTest.setup(HomePageTest.java:41)
	at java.util.ArrayList.forEach(ArrayList.java:1257)
... Removed 35 stack frames
</div> <!-- stack-trace -->
                </div> <!-- method-content -->
              </div> <!-- method -->
              <div class="method">
                <div class="method-content">
                  <a name="verifyAddNewUserLinkTest">
                  </a> <!-- verifyAddNewUserLinkTest -->
                  <span class="method-name">verifyAddNewUserLinkTest</span>
                  <div class="stack-trace">org.openqa.selenium.SessionNotCreatedException: session not created
from disconnected: unable to connect to renderer
  (Session info: chrome=80.0.3987.149)
Build info: version: &apos;3.11.0&apos;, revision: &apos;e59cfb3&apos;, time: &apos;2018-03-11T20:26:55.152Z&apos;
System info: host: &apos;DESKTOP-VDML5CQ&apos;, ip: &apos;192.168.43.196&apos;, os.name: &apos;Windows 10&apos;, os.arch: &apos;amd64&apos;, os.version: &apos;10.0&apos;, java.version: &apos;1.8.0_211&apos;
Driver info: driver.version: ChromeDriver
remote stacktrace: Backtrace:
	Ordinal0 [0x00460C83+1707139]
	Ordinal0 [0x003C68F1+1075441]
	Ordinal0 [0x0033DFC9+516041]
	Ordinal0 [0x00334F74+479092]
	Ordinal0 [0x0033ECA0+519328]
	Ordinal0 [0x002ECA67+182887]
	Ordinal0 [0x002EBDDD+179677]
	Ordinal0 [0x002E9D4B+171339]
	Ordinal0 [0x002D1D4A+73034]
	Ordinal0 [0x002D2DC0+77248]
	Ordinal0 [0x002D2D59+77145]
	Ordinal0 [0x003DBB67+1162087]
	GetHandleVerifier [0x004FA966+508998]
	GetHandleVerifier [0x004FA6A4+508292]
	GetHandleVerifier [0x0050F7B7+594583]
	GetHandleVerifier [0x004FB1D6+511158]
	Ordinal0 [0x003D402C+1130540]
	Ordinal0 [0x003DD4CB+1168587]
	Ordinal0 [0x003DD633+1168947]
	Ordinal0 [0x003F5B35+1268533]
	BaseThreadInitThunk [0x77786359+25]
	RtlGetAppContainerNamedObjectPath [0x77D67B74+228]
	RtlGetAppContainerNamedObjectPath [0x77D67B44+180]

	at org.openqa.selenium.remote.W3CHandshakeResponse.lambda$new$0(W3CHandshakeResponse.java:57)
	at org.openqa.selenium.remote.W3CHandshakeResponse.lambda$getResponseFunction$2(W3CHandshakeResponse.java:104)
	at org.openqa.selenium.remote.ProtocolHandshake.lambda$createSession$0(ProtocolHandshake.java:123)
	at java.util.stream.ReferencePipeline$3$1.accept(ReferencePipeline.java:193)
	at java.util.Spliterators$ArraySpliterator.tryAdvance(Spliterators.java:958)
	at java.util.stream.ReferencePipeline.forEachWithCancel(ReferencePipeline.java:126)
	at java.util.stream.AbstractPipeline.copyIntoWithCancel(AbstractPipeline.java:498)
	at java.util.stream.AbstractPipeline.copyInto(AbstractPipeline.java:485)
	at java.util.stream.AbstractPipeline.wrapAndCopyInto(AbstractPipeline.java:471)
	at java.util.stream.FindOps$FindOp.evaluateSequential(FindOps.java:152)
	at java.util.stream.AbstractPipeline.evaluate(AbstractPipeline.java:234)
	at java.util.stream.ReferencePipeline.findFirst(ReferencePipeline.java:464)
	at org.openqa.selenium.remote.ProtocolHandshake.createSession(ProtocolHandshake.java:126)
	at org.openqa.selenium.remote.ProtocolHandshake.createSession(ProtocolHandshake.java:73)
	at org.openqa.selenium.remote.HttpCommandExecutor.execute(HttpCommandExecutor.java:136)
	at org.openqa.selenium.remote.service.DriverCommandExecutor.execute(DriverCommandExecutor.java:83)
	at org.openqa.selenium.remote.RemoteWebDriver.execute(RemoteWebDriver.java:545)
	at org.openqa.selenium.remote.RemoteWebDriver.startSession(RemoteWebDriver.java:209)
	at org.openqa.selenium.remote.RemoteWebDriver.&lt;init&gt;(RemoteWebDriver.java:132)
	at org.openqa.selenium.chrome.ChromeDriver.&lt;init&gt;(ChromeDriver.java:181)
	at org.openqa.selenium.chrome.ChromeDriver.&lt;init&gt;(ChromeDriver.java:168)
	at org.openqa.selenium.chrome.ChromeDriver.&lt;init&gt;(ChromeDriver.java:123)
	at com.wordpress.qa.base.TestBase.initialization(TestBase.java:48)
	at com.wordpress.qa.testcases.HomePageTest.setup(HomePageTest.java:41)
	at java.util.ArrayList.forEach(ArrayList.java:1257)
... Removed 35 stack frames
</div> <!-- stack-trace -->
                </div> <!-- method-content -->
              </div> <!-- method -->
            </div> <!-- main-panel-content rounded-window-bottom -->
          </div> <!-- suite-Failed_suite__AutomationTestSuite_-class-skipped -->
          <div class="suite-Failed_suite__AutomationTestSuite_-class-passed">
            <div class="main-panel-header rounded-window-top">
              <img src="passed.png"/>
              <span class="class-name">com.wordpress.qa.testcases.HomePageTest</span>
            </div> <!-- main-panel-header rounded-window-top -->
            <div class="main-panel-content rounded-window-bottom">
              <div class="method">
                <div class="method-content">
                  <a name="verifyUserNameTest">
                  </a> <!-- verifyUserNameTest -->
                  <span class="method-name">verifyUserNameTest</span>
                </div> <!-- method-content -->
              </div> <!-- method -->
            </div> <!-- main-panel-content rounded-window-bottom -->
          </div> <!-- suite-Failed_suite__AutomationTestSuite_-class-passed -->
          <div class="suite-Failed_suite__AutomationTestSuite_-class-passed">
            <div class="main-panel-header rounded-window-top">
              <img src="passed.png"/>
              <span class="class-name">com.wordpress.qa.testcases.LoginPageTest</span>
            </div> <!-- main-panel-header rounded-window-top -->
            <div class="main-panel-content rounded-window-bottom">
              <div class="method">
                <div class="method-content">
                  <a name="loginWordPresslogoTest">
                  </a> <!-- loginWordPresslogoTest -->
                  <span class="method-name">loginWordPresslogoTest</span>
                </div> <!-- method-content -->
              </div> <!-- method -->
            </div> <!-- main-panel-content rounded-window-bottom -->
          </div> <!-- suite-Failed_suite__AutomationTestSuite_-class-passed -->
        </div> <!-- panel Failed_suite__AutomationTestSuite_ -->
        <div panel-name="test-xml-Failed_suite__AutomationTestSuite_" class="panel">
          <div class="main-panel-header rounded-window-top">
            <span class="header-content">D:\BesantJava\WordPressFramework\target\surefire-reports\AutomationTestSuite\testng-failed.xml</span>
          </div> <!-- main-panel-header rounded-window-top -->
          <div class="main-panel-content rounded-window-bottom">
            <pre>
&lt;?xml version=&quot;1.0&quot; encoding=&quot;UTF-8&quot;?&gt;
&lt;!DOCTYPE suite SYSTEM &quot;https://testng.org/testng-1.0.dtd&quot;&gt;
&lt;suite guice-stage=&quot;DEVELOPMENT&quot; verbose=&quot;0&quot; name=&quot;Failed suite [AutomationTestSuite]&quot;&gt;
  &lt;test thread-count=&quot;5&quot; verbose=&quot;0&quot; name=&quot;WordPressApplicationTest(failed)&quot;&gt;
    &lt;classes&gt;
      &lt;class name=&quot;com.wordpress.qa.testcases.LoginPageTest&quot;&gt;
        &lt;methods&gt;
          &lt;include name=&quot;startTest&quot;/&gt;
          &lt;include name=&quot;loginWordPresslogoTest&quot;/&gt;
          &lt;include name=&quot;loginPageTitleTest&quot;/&gt;
          &lt;include name=&quot;setup&quot;/&gt;
          &lt;include name=&quot;endTest&quot;/&gt;
          &lt;include name=&quot;tearDown&quot;/&gt;
        &lt;/methods&gt;
      &lt;/class&gt; &lt;!-- com.wordpress.qa.testcases.LoginPageTest --&gt;
      &lt;class name=&quot;com.wordpress.qa.testcases.HomePageTest&quot;&gt;
        &lt;methods&gt;
          &lt;include name=&quot;homePageTitleTest&quot;/&gt;
          &lt;include name=&quot;verifyUserNameTest&quot;/&gt;
          &lt;include name=&quot;tearDown&quot;/&gt;
          &lt;include name=&quot;endTest&quot;/&gt;
          &lt;include name=&quot;verifyAddNewPostLinkTest&quot;/&gt;
          &lt;include name=&quot;setup&quot;/&gt;
          &lt;include name=&quot;verifyAddNewUserLinkTest&quot;/&gt;
          &lt;include name=&quot;startTest&quot;/&gt;
        &lt;/methods&gt;
      &lt;/class&gt; &lt;!-- com.wordpress.qa.testcases.HomePageTest --&gt;
    &lt;/classes&gt;
  &lt;/test&gt; &lt;!-- WordPressApplicationTest(failed) --&gt;
&lt;/suite&gt; &lt;!-- Failed suite [AutomationTestSuite] --&gt;
            </pre>
          </div> <!-- main-panel-content rounded-window-bottom -->
        </div> <!-- panel -->
        <div panel-name="testlist-Failed_suite__AutomationTestSuite_" class="panel">
          <div class="main-panel-header rounded-window-top">
            <span class="header-content">Tests for Failed suite [AutomationTestSuite]</span>
          </div> <!-- main-panel-header rounded-window-top -->
          <div class="main-panel-content rounded-window-bottom">
            <ul>
              <li>
                <span class="test-name">WordPressApplicationTest(failed) (2 classes)</span>
              </li>
            </ul>
          </div> <!-- main-panel-content rounded-window-bottom -->
        </div> <!-- panel -->
        <div panel-name="group-Failed_suite__AutomationTestSuite_" class="panel">
          <div class="main-panel-header rounded-window-top">
            <span class="header-content">Groups for Failed suite [AutomationTestSuite]</span>
          </div> <!-- main-panel-header rounded-window-top -->
          <div class="main-panel-content rounded-window-bottom">
            <div class="test-group">
              <span class="test-group-name">Regression</span>
              <br/>
              <div class="method-in-group">
                <span class="method-in-group-name">homePageTitleTest</span>
                <br/>
              </div> <!-- method-in-group -->
              <div class="method-in-group">
                <span class="method-in-group-name">verifyUserNameTest</span>
                <br/>
              </div> <!-- method-in-group -->
            </div> <!-- test-group -->
            <div class="test-group">
              <span class="test-group-name">Smoke</span>
              <br/>
              <div class="method-in-group">
                <span class="method-in-group-name">loginPageTitleTest</span>
                <br/>
              </div> <!-- method-in-group -->
              <div class="method-in-group">
                <span class="method-in-group-name">loginWordPresslogoTest</span>
                <br/>
              </div> <!-- method-in-group -->
              <div class="method-in-group">
                <span class="method-in-group-name">verifyAddNewPostLinkTest</span>
                <br/>
              </div> <!-- method-in-group -->
              <div class="method-in-group">
                <span class="method-in-group-name">verifyAddNewUserLinkTest</span>
                <br/>
              </div> <!-- method-in-group -->
            </div> <!-- test-group -->
            <div class="test-group">
              <span class="test-group-name">SystemTest</span>
              <br/>
              <div class="method-in-group">
                <span class="method-in-group-name">homePageTitleTest</span>
                <br/>
              </div> <!-- method-in-group -->
              <div class="method-in-group">
                <span class="method-in-group-name">loginPageTitleTest</span>
                <br/>
              </div> <!-- method-in-group -->
              <div class="method-in-group">
                <span class="method-in-group-name">loginWordPresslogoTest</span>
                <br/>
              </div> <!-- method-in-group -->
              <div class="method-in-group">
                <span class="method-in-group-name">verifyAddNewPostLinkTest</span>
                <br/>
              </div> <!-- method-in-group -->
              <div class="method-in-group">
                <span class="method-in-group-name">verifyAddNewUserLinkTest</span>
                <br/>
              </div> <!-- method-in-group -->
              <div class="method-in-group">
                <span class="method-in-group-name">verifyUserNameTest</span>
                <br/>
              </div> <!-- method-in-group -->
            </div> <!-- test-group -->
          </div> <!-- main-panel-content rounded-window-bottom -->
        </div> <!-- panel -->
        <div panel-name="times-Failed_suite__AutomationTestSuite_" class="panel">
          <div class="main-panel-header rounded-window-top">
            <span class="header-content">Times for Failed suite [AutomationTestSuite]</span>
          </div> <!-- main-panel-header rounded-window-top -->
          <div class="main-panel-content rounded-window-bottom">
            <div class="times-div">
              <script type="text/javascript">
suiteTableInitFunctions.push('tableData_Failed_suite__AutomationTestSuite_');
function tableData_Failed_suite__AutomationTestSuite_() {
var data = new google.visualization.DataTable();
data.addColumn('number', 'Number');
data.addColumn('string', 'Method');
data.addColumn('string', 'Class');
data.addColumn('number', 'Time (ms)');
data.addRows(6);
data.setCell(0, 0, 0)
data.setCell(0, 1, 'loginWordPresslogoTest')
data.setCell(0, 2, 'com.wordpress.qa.testcases.LoginPageTest')
data.setCell(0, 3, 184);
data.setCell(1, 0, 1)
data.setCell(1, 1, 'verifyUserNameTest')
data.setCell(1, 2, 'com.wordpress.qa.testcases.HomePageTest')
data.setCell(1, 3, 41);
data.setCell(2, 0, 2)
data.setCell(2, 1, 'loginPageTitleTest')
data.setCell(2, 2, 'com.wordpress.qa.testcases.LoginPageTest')
data.setCell(2, 3, 17);
data.setCell(3, 0, 3)
data.setCell(3, 1, 'homePageTitleTest')
data.setCell(3, 2, 'com.wordpress.qa.testcases.HomePageTest')
data.setCell(3, 3, 13);
data.setCell(4, 0, 4)
data.setCell(4, 1, 'verifyAddNewUserLinkTest')
data.setCell(4, 2, 'com.wordpress.qa.testcases.HomePageTest')
data.setCell(4, 3, 0);
data.setCell(5, 0, 5)
data.setCell(5, 1, 'verifyAddNewPostLinkTest')
data.setCell(5, 2, 'com.wordpress.qa.testcases.HomePageTest')
data.setCell(5, 3, 0);
window.suiteTableData['Failed_suite__AutomationTestSuite_']= { tableData: data, tableDiv: 'times-div-Failed_suite__AutomationTestSuite_'}
return data;
}
              </script>
              <span class="suite-total-time">Total running time: 255 ms</span>
              <div id="times-div-Failed_suite__AutomationTestSuite_">
              </div> <!-- times-div-Failed_suite__AutomationTestSuite_ -->
            </div> <!-- times-div -->
          </div> <!-- main-panel-content rounded-window-bottom -->
        </div> <!-- panel -->
        <div panel-name="reporter-Failed_suite__AutomationTestSuite_" class="panel">
          <div class="main-panel-header rounded-window-top">
            <span class="header-content">Reporter output for Failed suite [AutomationTestSuite]</span>
          </div> <!-- main-panel-header rounded-window-top -->
          <div class="main-panel-content rounded-window-bottom">
          </div> <!-- main-panel-content rounded-window-bottom -->
        </div> <!-- panel -->
        <div panel-name="ignored-methods-Failed_suite__AutomationTestSuite_" class="panel">
          <div class="main-panel-header rounded-window-top">
            <span class="header-content">1 ignored method</span>
          </div> <!-- main-panel-header rounded-window-top -->
          <div class="main-panel-content rounded-window-bottom">
            <div class="ignored-class-div">
              <span class="ignored-class-name">com.wordpress.qa.testcases.LoginPageTest</span>
              <div class="ignored-methods-div">
                <span class="ignored-method-name">loginTest</span>
                <br/>
              </div> <!-- ignored-methods-div -->
            </div> <!-- ignored-class-div -->
          </div> <!-- main-panel-content rounded-window-bottom -->
        </div> <!-- panel -->
        <div panel-name="chronological-Failed_suite__AutomationTestSuite_" class="panel">
          <div class="main-panel-header rounded-window-top">
            <span class="header-content">Methods in chronological order</span>
          </div> <!-- main-panel-header rounded-window-top -->
          <div class="main-panel-content rounded-window-bottom">
            <div class="chronological-class">
              <div class="chronological-class-name">com.wordpress.qa.testcases.HomePageTest</div> <!-- chronological-class-name -->
              <div class="configuration-test before">
                <span class="method-name">startTest</span>
                <span class="method-start">0 ms</span>
              </div> <!-- configuration-test before -->
            </div> <!-- chronological-class -->
            <div class="chronological-class">
              <div class="chronological-class-name">com.wordpress.qa.testcases.LoginPageTest</div> <!-- chronological-class-name -->
              <div class="configuration-test before">
                <span class="method-name">startTest</span>
                <span class="method-start">188 ms</span>
              </div> <!-- configuration-test before -->
              <div class="configuration-method before">
                <span class="method-name">setup</span>
                <span class="method-start">219 ms</span>
              </div> <!-- configuration-method before -->
              <div class="test-method">
                <span class="method-name">loginWordPresslogoTest</span>
                <span class="method-start">14528 ms</span>
              </div> <!-- test-method -->
              <div class="configuration-method after">
                <span class="method-name">tearDown([TestResult name=loginWordPresslogoTest status=SUCCESS method=LoginPageTest.loginWordPresslogoTest()...)</span>
                <span class="method-start">14716 ms</span>
              </div> <!-- configuration-method after -->
              <div class="configuration-method before">
                <span class="method-name">setup</span>
                <span class="method-start">15526 ms</span>
              </div> <!-- configuration-method before -->
              <div class="test-method">
                <img src="failed.png">
                </img>
                <span class="method-name">loginPageTitleTest</span>
                <span class="method-start">26330 ms</span>
              </div> <!-- test-method -->
              <div class="configuration-method after">
                <span class="method-name">tearDown([TestResult name=loginPageTitleTest status=FAILURE method=LoginPageTest.loginPageTitleTest()[pri:0, ...)</span>
                <span class="method-start">26355 ms</span>
              </div> <!-- configuration-method after -->
            </div> <!-- chronological-class -->
            <div class="chronological-class">
              <div class="chronological-class-name">com.wordpress.qa.testcases.HomePageTest</div> <!-- chronological-class-name -->
              <div class="configuration-method before">
                <span class="method-name">setup</span>
                <span class="method-start">27595 ms</span>
              </div> <!-- configuration-method before -->
              <div class="test-method">
                <img src="failed.png">
                </img>
                <span class="method-name">homePageTitleTest</span>
                <span class="method-start">45480 ms</span>
              </div> <!-- test-method -->
              <div class="configuration-method after">
                <span class="method-name">tearDown([TestResult name=homePageTitleTest status=FAILURE method=HomePageTest.homePageTitleTest()[pri:0, ins...)</span>
                <span class="method-start">45498 ms</span>
              </div> <!-- configuration-method after -->
              <div class="configuration-method before">
                <span class="method-name">setup</span>
                <span class="method-start">46698 ms</span>
              </div> <!-- configuration-method before -->
              <div class="test-method">
                <span class="method-name">verifyUserNameTest</span>
                <span class="method-start">65468 ms</span>
              </div> <!-- test-method -->
              <div class="configuration-method after">
                <span class="method-name">tearDown([TestResult name=verifyUserNameTest status=SUCCESS method=HomePageTest.verifyUserNameTest()[pri:0, i...)</span>
                <span class="method-start">65511 ms</span>
              </div> <!-- configuration-method after -->
              <div class="configuration-method before">
                <img src="failed.png">
                </img>
                <span class="method-name">setup</span>
                <span class="method-start">66342 ms</span>
              </div> <!-- configuration-method before -->
              <div class="test-method">
                <span class="method-name">verifyAddNewPostLinkTest</span>
                <span class="method-start">128108 ms</span>
              </div> <!-- test-method -->
              <div class="configuration-method after">
                <span class="method-name">tearDown</span>
                <span class="method-start">128116 ms</span>
              </div> <!-- configuration-method after -->
              <div class="configuration-method before">
                <span class="method-name">setup</span>
                <span class="method-start">128119 ms</span>
              </div> <!-- configuration-method before -->
              <div class="test-method">
                <span class="method-name">verifyAddNewUserLinkTest</span>
                <span class="method-start">128121 ms</span>
              </div> <!-- test-method -->
              <div class="configuration-method after">
                <span class="method-name">tearDown</span>
                <span class="method-start">128125 ms</span>
              </div> <!-- configuration-method after -->
              <div class="configuration-test after">
                <span class="method-name">endTest</span>
                <span class="method-start">128128 ms</span>
              </div> <!-- configuration-test after -->
            </div> <!-- chronological-class -->
            <div class="chronological-class">
              <div class="chronological-class-name">com.wordpress.qa.testcases.LoginPageTest</div> <!-- chronological-class-name -->
              <div class="configuration-test after">
                <span class="method-name">endTest</span>
                <span class="method-start">128130 ms</span>
              </div> <!-- configuration-test after -->
          </div> <!-- main-panel-content rounded-window-bottom -->
        </div> <!-- panel -->
      </div> <!-- main-panel-root -->
    </div> <!-- wrapper -->
  </body>
</html>
