<?xml version="1.0" encoding="UTF-8"?>
<testng-results skipped="2" failed="2" ignored="1" total="7" passed="2">
  <reporter-output>
  </reporter-output>
  <suite name="Failed suite [AutomationTestSuite]" duration-ms="128143" started-at="2020-04-06T19:05:16 IST" finished-at="2020-04-06T19:07:25 IST">
    <groups>
      <group name="SystemTest">
        <method signature="HomePageTest.homePageTitleTest()[pri:0, instance:com.wordpress.qa.testcases.HomePageTest@646d64ab]" name="homePageTitleTest" class="com.wordpress.qa.testcases.HomePageTest"/>
        <method signature="HomePageTest.verifyAddNewPostLinkTest()[pri:0, instance:com.wordpress.qa.testcases.HomePageTest@646d64ab]" name="verifyAddNewPostLinkTest" class="com.wordpress.qa.testcases.HomePageTest"/>
        <method signature="HomePageTest.verifyAddNewUserLinkTest()[pri:0, instance:com.wordpress.qa.testcases.HomePageTest@646d64ab]" name="verifyAddNewUserLinkTest" class="com.wordpress.qa.testcases.HomePageTest"/>
        <method signature="HomePageTest.verifyUserNameTest()[pri:0, instance:com.wordpress.qa.testcases.HomePageTest@646d64ab]" name="verifyUserNameTest" class="com.wordpress.qa.testcases.HomePageTest"/>
        <method signature="LoginPageTest.loginPageTitleTest()[pri:0, instance:com.wordpress.qa.testcases.LoginPageTest@1b68ddbd]" name="loginPageTitleTest" class="com.wordpress.qa.testcases.LoginPageTest"/>
        <method signature="LoginPageTest.loginWordPresslogoTest()[pri:0, instance:com.wordpress.qa.testcases.LoginPageTest@1b68ddbd]" name="loginWordPresslogoTest" class="com.wordpress.qa.testcases.LoginPageTest"/>
      </group> <!-- SystemTest -->
      <group name="Regression">
        <method signature="HomePageTest.homePageTitleTest()[pri:0, instance:com.wordpress.qa.testcases.HomePageTest@646d64ab]" name="homePageTitleTest" class="com.wordpress.qa.testcases.HomePageTest"/>
        <method signature="HomePageTest.verifyUserNameTest()[pri:0, instance:com.wordpress.qa.testcases.HomePageTest@646d64ab]" name="verifyUserNameTest" class="com.wordpress.qa.testcases.HomePageTest"/>
      </group> <!-- Regression -->
      <group name="Smoke">
        <method signature="HomePageTest.verifyAddNewPostLinkTest()[pri:0, instance:com.wordpress.qa.testcases.HomePageTest@646d64ab]" name="verifyAddNewPostLinkTest" class="com.wordpress.qa.testcases.HomePageTest"/>
        <method signature="HomePageTest.verifyAddNewUserLinkTest()[pri:0, instance:com.wordpress.qa.testcases.HomePageTest@646d64ab]" name="verifyAddNewUserLinkTest" class="com.wordpress.qa.testcases.HomePageTest"/>
        <method signature="LoginPageTest.loginPageTitleTest()[pri:0, instance:com.wordpress.qa.testcases.LoginPageTest@1b68ddbd]" name="loginPageTitleTest" class="com.wordpress.qa.testcases.LoginPageTest"/>
        <method signature="LoginPageTest.loginWordPresslogoTest()[pri:0, instance:com.wordpress.qa.testcases.LoginPageTest@1b68ddbd]" name="loginWordPresslogoTest" class="com.wordpress.qa.testcases.LoginPageTest"/>
      </group> <!-- Smoke -->
    </groups>
    <test name="WordPressApplicationTest(failed)" duration-ms="128143" started-at="2020-04-06T19:05:16 IST" finished-at="2020-04-06T19:07:25 IST">
      <class name="com.wordpress.qa.testcases.LoginPageTest">
        <test-method status="PASS" signature="startTest()[pri:0, instance:com.wordpress.qa.testcases.LoginPageTest@1b68ddbd]" name="startTest" is-config="true" duration-ms="6" started-at="2020-04-06T19:05:17 IST" finished-at="2020-04-06T19:05:17 IST">
          <reporter-output>
          </reporter-output>
        </test-method> <!-- startTest -->
        <test-method status="PASS" signature="setup()[pri:0, instance:com.wordpress.qa.testcases.LoginPageTest@1b68ddbd]" name="setup" is-config="true" duration-ms="14308" started-at="2020-04-06T19:05:17 IST" finished-at="2020-04-06T19:05:31 IST">
          <reporter-output>
          </reporter-output>
        </test-method> <!-- setup -->
        <test-method status="PASS" signature="loginWordPresslogoTest()[pri:0, instance:com.wordpress.qa.testcases.LoginPageTest@1b68ddbd]" name="loginWordPresslogoTest" duration-ms="184" started-at="2020-04-06T19:05:31 IST" finished-at="2020-04-06T19:05:31 IST">
          <reporter-output>
          </reporter-output>
        </test-method> <!-- loginWordPresslogoTest -->
        <test-method status="PASS" signature="tearDown(org.testng.ITestResult)[pri:0, instance:com.wordpress.qa.testcases.LoginPageTest@1b68ddbd]" name="tearDown" is-config="true" duration-ms="807" started-at="2020-04-06T19:05:31 IST" finished-at="2020-04-06T19:05:32 IST">
          <params>
            <param index="0">
              <value>
                <![CDATA[[TestResult name=loginWordPresslogoTest status=SUCCESS method=LoginPageTest.loginWordPresslogoTest()[pri:0, instance:com.wordpress.qa.testcases.LoginPageTest@1b68ddbd] output={null}]]]>
              </value>
            </param>
          </params>
          <reporter-output>
          </reporter-output>
        </test-method> <!-- tearDown -->
        <test-method status="PASS" signature="setup()[pri:0, instance:com.wordpress.qa.testcases.LoginPageTest@1b68ddbd]" name="setup" is-config="true" duration-ms="10804" started-at="2020-04-06T19:05:32 IST" finished-at="2020-04-06T19:05:43 IST">
          <reporter-output>
          </reporter-output>
        </test-method> <!-- setup -->
        <test-method status="FAIL" signature="loginPageTitleTest()[pri:0, instance:com.wordpress.qa.testcases.LoginPageTest@1b68ddbd]" name="loginPageTitleTest" duration-ms="17" started-at="2020-04-06T19:05:43 IST" finished-at="2020-04-06T19:05:43 IST">
          <exception class="java.lang.AssertionError">
            <message>
              <![CDATA[expected [Log In ‹ opensourcecms — WordPress] but found [Privacy error]]]>
            </message>
            <full-stacktrace>
              <![CDATA[java.lang.AssertionError: expected [Log In ‹ opensourcecms — WordPress] but found [Privacy error]
at org.testng.Assert.fail(Assert.java:97)
at org.testng.Assert.assertEqualsImpl(Assert.java:136)
at org.testng.Assert.assertEquals(Assert.java:118)
at org.testng.Assert.assertEquals(Assert.java:575)
at org.testng.Assert.assertEquals(Assert.java:585)
at com.wordpress.qa.testcases.LoginPageTest.loginPageTitleTest(LoginPageTest.java:46)
at sun.reflect.NativeMethodAccessorImpl.invoke0(Native Method)
at sun.reflect.NativeMethodAccessorImpl.invoke(NativeMethodAccessorImpl.java:62)
at sun.reflect.DelegatingMethodAccessorImpl.invoke(DelegatingMethodAccessorImpl.java:43)
at java.lang.reflect.Method.invoke(Method.java:498)
at org.testng.internal.MethodInvocationHelper.invokeMethod(MethodInvocationHelper.java:133)
at org.testng.internal.TestInvoker.invokeMethod(TestInvoker.java:584)
at org.testng.internal.TestInvoker.invokeTestMethod(TestInvoker.java:172)
at org.testng.internal.MethodRunner.runInSequence(MethodRunner.java:46)
at org.testng.internal.TestInvoker$MethodInvocationAgent.invoke(TestInvoker.java:804)
at org.testng.internal.TestInvoker.invokeTestMethods(TestInvoker.java:145)
at org.testng.internal.TestMethodWorker.invokeTestMethods(TestMethodWorker.java:146)
at org.testng.internal.TestMethodWorker.run(TestMethodWorker.java:128)
at java.util.ArrayList.forEach(ArrayList.java:1257)
at org.testng.TestRunner.privateRun(TestRunner.java:770)
at org.testng.TestRunner.run(TestRunner.java:591)
at org.testng.SuiteRunner.runTest(SuiteRunner.java:402)
at org.testng.SuiteRunner.runSequentially(SuiteRunner.java:396)
at org.testng.SuiteRunner.privateRun(SuiteRunner.java:355)
at org.testng.SuiteRunner.run(SuiteRunner.java:304)
at org.testng.SuiteRunnerWorker.runSuite(SuiteRunnerWorker.java:53)
at org.testng.SuiteRunnerWorker.run(SuiteRunnerWorker.java:96)
at org.testng.TestNG.runSuitesSequentially(TestNG.java:1180)
at org.testng.TestNG.runSuitesLocally(TestNG.java:1102)
at org.testng.TestNG.runSuites(TestNG.java:1032)
at org.testng.TestNG.run(TestNG.java:1000)
at org.testng.remote.AbstractRemoteTestNG.run(AbstractRemoteTestNG.java:115)
at org.testng.remote.RemoteTestNG.initAndRun(RemoteTestNG.java:251)
at org.testng.remote.RemoteTestNG.main(RemoteTestNG.java:77)
]]>
            </full-stacktrace>
          </exception> <!-- java.lang.AssertionError -->
          <reporter-output>
          </reporter-output>
        </test-method> <!-- loginPageTitleTest -->
        <test-method status="PASS" signature="tearDown(org.testng.ITestResult)[pri:0, instance:com.wordpress.qa.testcases.LoginPageTest@1b68ddbd]" name="tearDown" is-config="true" duration-ms="1233" started-at="2020-04-06T19:05:43 IST" finished-at="2020-04-06T19:05:44 IST">
          <params>
            <param index="0">
              <value>
                <![CDATA[[TestResult name=loginPageTitleTest status=FAILURE method=LoginPageTest.loginPageTitleTest()[pri:0, instance:com.wordpress.qa.testcases.LoginPageTest@1b68ddbd] output={null}]]]>
              </value>
            </param>
          </params>
          <reporter-output>
          </reporter-output>
        </test-method> <!-- tearDown -->
        <test-method status="SKIP" signature="endTest()[pri:0, instance:com.wordpress.qa.testcases.LoginPageTest@1b68ddbd]" name="endTest" is-config="true" duration-ms="-1586180245043" started-at="2020-04-06T19:07:25 IST" finished-at="1970-01-01T05:30:00 IST">
          <reporter-output>
          </reporter-output>
        </test-method> <!-- endTest -->
      </class> <!-- com.wordpress.qa.testcases.LoginPageTest -->
      <class name="com.wordpress.qa.testcases.HomePageTest">
        <test-method status="PASS" signature="startTest()[pri:0, instance:com.wordpress.qa.testcases.HomePageTest@646d64ab]" name="startTest" is-config="true" duration-ms="188" started-at="2020-04-06T19:05:16 IST" finished-at="2020-04-06T19:05:17 IST">
          <reporter-output>
          </reporter-output>
        </test-method> <!-- startTest -->
        <test-method status="PASS" signature="setup()[pri:0, instance:com.wordpress.qa.testcases.HomePageTest@646d64ab]" name="setup" is-config="true" duration-ms="17884" started-at="2020-04-06T19:05:44 IST" finished-at="2020-04-06T19:06:02 IST">
          <reporter-output>
          </reporter-output>
        </test-method> <!-- setup -->
        <test-method status="FAIL" signature="homePageTitleTest()[pri:0, instance:com.wordpress.qa.testcases.HomePageTest@646d64ab]" name="homePageTitleTest" duration-ms="13" started-at="2020-04-06T19:06:02 IST" finished-at="2020-04-06T19:06:02 IST">
          <exception class="java.lang.AssertionError">
            <message>
              <![CDATA[expected [Dashboard ‹ opensourcecms — WordPress] but found [Dashboard ‹ 123 — WordPress]]]>
            </message>
            <full-stacktrace>
              <![CDATA[java.lang.AssertionError: expected [Dashboard ‹ opensourcecms — WordPress] but found [Dashboard ‹ 123 — WordPress]
at org.testng.Assert.fail(Assert.java:97)
at org.testng.Assert.assertEqualsImpl(Assert.java:136)
at org.testng.Assert.assertEquals(Assert.java:118)
at org.testng.Assert.assertEquals(Assert.java:575)
at org.testng.Assert.assertEquals(Assert.java:585)
at com.wordpress.qa.testcases.HomePageTest.homePageTitleTest(HomePageTest.java:50)
at sun.reflect.NativeMethodAccessorImpl.invoke0(Native Method)
at sun.reflect.NativeMethodAccessorImpl.invoke(NativeMethodAccessorImpl.java:62)
at sun.reflect.DelegatingMethodAccessorImpl.invoke(DelegatingMethodAccessorImpl.java:43)
at java.lang.reflect.Method.invoke(Method.java:498)
at org.testng.internal.MethodInvocationHelper.invokeMethod(MethodInvocationHelper.java:133)
at org.testng.internal.TestInvoker.invokeMethod(TestInvoker.java:584)
at org.testng.internal.TestInvoker.invokeTestMethod(TestInvoker.java:172)
at org.testng.internal.MethodRunner.runInSequence(MethodRunner.java:46)
at org.testng.internal.TestInvoker$MethodInvocationAgent.invoke(TestInvoker.java:804)
at org.testng.internal.TestInvoker.invokeTestMethods(TestInvoker.java:145)
at org.testng.internal.TestMethodWorker.invokeTestMethods(TestMethodWorker.java:146)
at org.testng.internal.TestMethodWorker.run(TestMethodWorker.java:128)
at java.util.ArrayList.forEach(ArrayList.java:1257)
at org.testng.TestRunner.privateRun(TestRunner.java:770)
at org.testng.TestRunner.run(TestRunner.java:591)
at org.testng.SuiteRunner.runTest(SuiteRunner.java:402)
at org.testng.SuiteRunner.runSequentially(SuiteRunner.java:396)
at org.testng.SuiteRunner.privateRun(SuiteRunner.java:355)
at org.testng.SuiteRunner.run(SuiteRunner.java:304)
at org.testng.SuiteRunnerWorker.runSuite(SuiteRunnerWorker.java:53)
at org.testng.SuiteRunnerWorker.run(SuiteRunnerWorker.java:96)
at org.testng.TestNG.runSuitesSequentially(TestNG.java:1180)
at org.testng.TestNG.runSuitesLocally(TestNG.java:1102)
at org.testng.TestNG.runSuites(TestNG.java:1032)
at org.testng.TestNG.run(TestNG.java:1000)
at org.testng.remote.AbstractRemoteTestNG.run(AbstractRemoteTestNG.java:115)
at org.testng.remote.RemoteTestNG.initAndRun(RemoteTestNG.java:251)
at org.testng.remote.RemoteTestNG.main(RemoteTestNG.java:77)
]]>
            </full-stacktrace>
          </exception> <!-- java.lang.AssertionError -->
          <reporter-output>
          </reporter-output>
        </test-method> <!-- homePageTitleTest -->
        <test-method status="PASS" signature="tearDown(org.testng.ITestResult)[pri:0, instance:com.wordpress.qa.testcases.HomePageTest@646d64ab]" name="tearDown" is-config="true" duration-ms="1198" started-at="2020-04-06T19:06:02 IST" finished-at="2020-04-06T19:06:03 IST">
          <params>
            <param index="0">
              <value>
                <![CDATA[[TestResult name=homePageTitleTest status=FAILURE method=HomePageTest.homePageTitleTest()[pri:0, instance:com.wordpress.qa.testcases.HomePageTest@646d64ab] output={null}]]]>
              </value>
            </param>
          </params>
          <reporter-output>
          </reporter-output>
        </test-method> <!-- tearDown -->
        <test-method status="PASS" signature="setup()[pri:0, instance:com.wordpress.qa.testcases.HomePageTest@646d64ab]" name="setup" is-config="true" duration-ms="18770" started-at="2020-04-06T19:06:03 IST" finished-at="2020-04-06T19:06:22 IST">
          <reporter-output>
          </reporter-output>
        </test-method> <!-- setup -->
        <test-method status="PASS" signature="verifyUserNameTest()[pri:0, instance:com.wordpress.qa.testcases.HomePageTest@646d64ab]" name="verifyUserNameTest" duration-ms="41" started-at="2020-04-06T19:06:22 IST" finished-at="2020-04-06T19:06:22 IST">
          <reporter-output>
          </reporter-output>
        </test-method> <!-- verifyUserNameTest -->
        <test-method status="PASS" signature="tearDown(org.testng.ITestResult)[pri:0, instance:com.wordpress.qa.testcases.HomePageTest@646d64ab]" name="tearDown" is-config="true" duration-ms="830" started-at="2020-04-06T19:06:22 IST" finished-at="2020-04-06T19:06:23 IST">
          <params>
            <param index="0">
              <value>
                <![CDATA[[TestResult name=verifyUserNameTest status=SUCCESS method=HomePageTest.verifyUserNameTest()[pri:0, instance:com.wordpress.qa.testcases.HomePageTest@646d64ab] output={null}]]]>
              </value>
            </param>
          </params>
          <reporter-output>
          </reporter-output>
        </test-method> <!-- tearDown -->
        <test-method status="FAIL" signature="setup()[pri:0, instance:com.wordpress.qa.testcases.HomePageTest@646d64ab]" name="setup" is-config="true" duration-ms="61758" started-at="2020-04-06T19:06:23 IST" finished-at="2020-04-06T19:07:25 IST">
          <exception class="org.openqa.selenium.SessionNotCreatedException">
            <message>
              <![CDATA[session not created
from disconnected: unable to connect to renderer
  (Session info: chrome=80.0.3987.149)
Build info: version: '3.11.0', revision: 'e59cfb3', time: '2018-03-11T20:26:55.152Z'
System info: host: 'DESKTOP-VDML5CQ', ip: '192.168.43.196', os.name: 'Windows 10', os.arch: 'amd64', os.version: '10.0', java.version: '1.8.0_211'
Driver info: driver.version: ChromeDriver
remote stacktrace: Backtrace:
Ordinal0 [0x00460C83+1707139]
Ordinal0 [0x003C68F1+1075441]
Ordinal0 [0x0033DFC9+516041]
Ordinal0 [0x00334F74+479092]
Ordinal0 [0x0033ECA0+519328]
Ordinal0 [0x002ECA67+182887]
Ordinal0 [0x002EBDDD+179677]
Ordinal0 [0x002E9D4B+171339]
Ordinal0 [0x002D1D4A+73034]
Ordinal0 [0x002D2DC0+77248]
Ordinal0 [0x002D2D59+77145]
Ordinal0 [0x003DBB67+1162087]
GetHandleVerifier [0x004FA966+508998]
GetHandleVerifier [0x004FA6A4+508292]
GetHandleVerifier [0x0050F7B7+594583]
GetHandleVerifier [0x004FB1D6+511158]
Ordinal0 [0x003D402C+1130540]
Ordinal0 [0x003DD4CB+1168587]
Ordinal0 [0x003DD633+1168947]
Ordinal0 [0x003F5B35+1268533]
BaseThreadInitThunk [0x77786359+25]
RtlGetAppContainerNamedObjectPath [0x77D67B74+228]
RtlGetAppContainerNamedObjectPath [0x77D67B44+180]
]]>
            </message>
            <full-stacktrace>
              <![CDATA[org.openqa.selenium.SessionNotCreatedException: session not created
from disconnected: unable to connect to renderer
  (Session info: chrome=80.0.3987.149)
Build info: version: '3.11.0', revision: 'e59cfb3', time: '2018-03-11T20:26:55.152Z'
System info: host: 'DESKTOP-VDML5CQ', ip: '192.168.43.196', os.name: 'Windows 10', os.arch: 'amd64', os.version: '10.0', java.version: '1.8.0_211'
Driver info: driver.version: ChromeDriver
remote stacktrace: Backtrace:
Ordinal0 [0x00460C83+1707139]
Ordinal0 [0x003C68F1+1075441]
Ordinal0 [0x0033DFC9+516041]
Ordinal0 [0x00334F74+479092]
Ordinal0 [0x0033ECA0+519328]
Ordinal0 [0x002ECA67+182887]
Ordinal0 [0x002EBDDD+179677]
Ordinal0 [0x002E9D4B+171339]
Ordinal0 [0x002D1D4A+73034]
Ordinal0 [0x002D2DC0+77248]
Ordinal0 [0x002D2D59+77145]
Ordinal0 [0x003DBB67+1162087]
GetHandleVerifier [0x004FA966+508998]
GetHandleVerifier [0x004FA6A4+508292]
GetHandleVerifier [0x0050F7B7+594583]
GetHandleVerifier [0x004FB1D6+511158]
Ordinal0 [0x003D402C+1130540]
Ordinal0 [0x003DD4CB+1168587]
Ordinal0 [0x003DD633+1168947]
Ordinal0 [0x003F5B35+1268533]
BaseThreadInitThunk [0x77786359+25]
RtlGetAppContainerNamedObjectPath [0x77D67B74+228]
RtlGetAppContainerNamedObjectPath [0x77D67B44+180]

at sun.reflect.NativeConstructorAccessorImpl.newInstance0(Native Method)
at sun.reflect.NativeConstructorAccessorImpl.newInstance(NativeConstructorAccessorImpl.java:62)
at sun.reflect.DelegatingConstructorAccessorImpl.newInstance(DelegatingConstructorAccessorImpl.java:45)
at java.lang.reflect.Constructor.newInstance(Constructor.java:423)
at org.openqa.selenium.remote.W3CHandshakeResponse.lambda$new$0(W3CHandshakeResponse.java:57)
at org.openqa.selenium.remote.W3CHandshakeResponse.lambda$getResponseFunction$2(W3CHandshakeResponse.java:104)
at org.openqa.selenium.remote.ProtocolHandshake.lambda$createSession$0(ProtocolHandshake.java:123)
at java.util.stream.ReferencePipeline$3$1.accept(ReferencePipeline.java:193)
at java.util.Spliterators$ArraySpliterator.tryAdvance(Spliterators.java:958)
at java.util.stream.ReferencePipeline.forEachWithCancel(ReferencePipeline.java:126)
at java.util.stream.AbstractPipeline.copyIntoWithCancel(AbstractPipeline.java:498)
at java.util.stream.AbstractPipeline.copyInto(AbstractPipeline.java:485)
at java.util.stream.AbstractPipeline.wrapAndCopyInto(AbstractPipeline.java:471)
at java.util.stream.FindOps$FindOp.evaluateSequential(FindOps.java:152)
at java.util.stream.AbstractPipeline.evaluate(AbstractPipeline.java:234)
at java.util.stream.ReferencePipeline.findFirst(ReferencePipeline.java:464)
at org.openqa.selenium.remote.ProtocolHandshake.createSession(ProtocolHandshake.java:126)
at org.openqa.selenium.remote.ProtocolHandshake.createSession(ProtocolHandshake.java:73)
at org.openqa.selenium.remote.HttpCommandExecutor.execute(HttpCommandExecutor.java:136)
at org.openqa.selenium.remote.service.DriverCommandExecutor.execute(DriverCommandExecutor.java:83)
at org.openqa.selenium.remote.RemoteWebDriver.execute(RemoteWebDriver.java:545)
at org.openqa.selenium.remote.RemoteWebDriver.startSession(RemoteWebDriver.java:209)
at org.openqa.selenium.remote.RemoteWebDriver.<init>(RemoteWebDriver.java:132)
at org.openqa.selenium.chrome.ChromeDriver.<init>(ChromeDriver.java:181)
at org.openqa.selenium.chrome.ChromeDriver.<init>(ChromeDriver.java:168)
at org.openqa.selenium.chrome.ChromeDriver.<init>(ChromeDriver.java:123)
at com.wordpress.qa.base.TestBase.initialization(TestBase.java:48)
at com.wordpress.qa.testcases.HomePageTest.setup(HomePageTest.java:41)
at sun.reflect.NativeMethodAccessorImpl.invoke0(Native Method)
at sun.reflect.NativeMethodAccessorImpl.invoke(NativeMethodAccessorImpl.java:62)
at sun.reflect.DelegatingMethodAccessorImpl.invoke(DelegatingMethodAccessorImpl.java:43)
at java.lang.reflect.Method.invoke(Method.java:498)
at org.testng.internal.MethodInvocationHelper.invokeMethod(MethodInvocationHelper.java:133)
at org.testng.internal.MethodInvocationHelper.invokeMethodConsideringTimeout(MethodInvocationHelper.java:62)
at org.testng.internal.ConfigInvoker.invokeConfigurationMethod(ConfigInvoker.java:340)
at org.testng.internal.ConfigInvoker.invokeConfigurations(ConfigInvoker.java:294)
at org.testng.internal.TestInvoker.runConfigMethods(TestInvoker.java:683)
at org.testng.internal.TestInvoker.invokeMethod(TestInvoker.java:510)
at org.testng.internal.TestInvoker.invokeTestMethod(TestInvoker.java:172)
at org.testng.internal.MethodRunner.runInSequence(MethodRunner.java:46)
at org.testng.internal.TestInvoker$MethodInvocationAgent.invoke(TestInvoker.java:804)
at org.testng.internal.TestInvoker.invokeTestMethods(TestInvoker.java:145)
at org.testng.internal.TestMethodWorker.invokeTestMethods(TestMethodWorker.java:146)
at org.testng.internal.TestMethodWorker.run(TestMethodWorker.java:128)
at java.util.ArrayList.forEach(ArrayList.java:1257)
at org.testng.TestRunner.privateRun(TestRunner.java:770)
at org.testng.TestRunner.run(TestRunner.java:591)
at org.testng.SuiteRunner.runTest(SuiteRunner.java:402)
at org.testng.SuiteRunner.runSequentially(SuiteRunner.java:396)
at org.testng.SuiteRunner.privateRun(SuiteRunner.java:355)
at org.testng.SuiteRunner.run(SuiteRunner.java:304)
at org.testng.SuiteRunnerWorker.runSuite(SuiteRunnerWorker.java:53)
at org.testng.SuiteRunnerWorker.run(SuiteRunnerWorker.java:96)
at org.testng.TestNG.runSuitesSequentially(TestNG.java:1180)
at org.testng.TestNG.runSuitesLocally(TestNG.java:1102)
at org.testng.TestNG.runSuites(TestNG.java:1032)
at org.testng.TestNG.run(TestNG.java:1000)
at org.testng.remote.AbstractRemoteTestNG.run(AbstractRemoteTestNG.java:115)
at org.testng.remote.RemoteTestNG.initAndRun(RemoteTestNG.java:251)
at org.testng.remote.RemoteTestNG.main(RemoteTestNG.java:77)
]]>
            </full-stacktrace>
          </exception> <!-- org.openqa.selenium.SessionNotCreatedException -->
          <reporter-output>
          </reporter-output>
        </test-method> <!-- setup -->
        <test-method status="SKIP" signature="verifyAddNewPostLinkTest()[pri:0, instance:com.wordpress.qa.testcases.HomePageTest@646d64ab]" name="verifyAddNewPostLinkTest" duration-ms="0" started-at="2020-04-06T19:07:25 IST" finished-at="2020-04-06T19:07:25 IST">
          <exception class="org.openqa.selenium.SessionNotCreatedException">
            <message>
              <![CDATA[session not created
from disconnected: unable to connect to renderer
  (Session info: chrome=80.0.3987.149)
Build info: version: '3.11.0', revision: 'e59cfb3', time: '2018-03-11T20:26:55.152Z'
System info: host: 'DESKTOP-VDML5CQ', ip: '192.168.43.196', os.name: 'Windows 10', os.arch: 'amd64', os.version: '10.0', java.version: '1.8.0_211'
Driver info: driver.version: ChromeDriver
remote stacktrace: Backtrace:
Ordinal0 [0x00460C83+1707139]
Ordinal0 [0x003C68F1+1075441]
Ordinal0 [0x0033DFC9+516041]
Ordinal0 [0x00334F74+479092]
Ordinal0 [0x0033ECA0+519328]
Ordinal0 [0x002ECA67+182887]
Ordinal0 [0x002EBDDD+179677]
Ordinal0 [0x002E9D4B+171339]
Ordinal0 [0x002D1D4A+73034]
Ordinal0 [0x002D2DC0+77248]
Ordinal0 [0x002D2D59+77145]
Ordinal0 [0x003DBB67+1162087]
GetHandleVerifier [0x004FA966+508998]
GetHandleVerifier [0x004FA6A4+508292]
GetHandleVerifier [0x0050F7B7+594583]
GetHandleVerifier [0x004FB1D6+511158]
Ordinal0 [0x003D402C+1130540]
Ordinal0 [0x003DD4CB+1168587]
Ordinal0 [0x003DD633+1168947]
Ordinal0 [0x003F5B35+1268533]
BaseThreadInitThunk [0x77786359+25]
RtlGetAppContainerNamedObjectPath [0x77D67B74+228]
RtlGetAppContainerNamedObjectPath [0x77D67B44+180]
]]>
            </message>
            <full-stacktrace>
              <![CDATA[org.openqa.selenium.SessionNotCreatedException: session not created
from disconnected: unable to connect to renderer
  (Session info: chrome=80.0.3987.149)
Build info: version: '3.11.0', revision: 'e59cfb3', time: '2018-03-11T20:26:55.152Z'
System info: host: 'DESKTOP-VDML5CQ', ip: '192.168.43.196', os.name: 'Windows 10', os.arch: 'amd64', os.version: '10.0', java.version: '1.8.0_211'
Driver info: driver.version: ChromeDriver
remote stacktrace: Backtrace:
Ordinal0 [0x00460C83+1707139]
Ordinal0 [0x003C68F1+1075441]
Ordinal0 [0x0033DFC9+516041]
Ordinal0 [0x00334F74+479092]
Ordinal0 [0x0033ECA0+519328]
Ordinal0 [0x002ECA67+182887]
Ordinal0 [0x002EBDDD+179677]
Ordinal0 [0x002E9D4B+171339]
Ordinal0 [0x002D1D4A+73034]
Ordinal0 [0x002D2DC0+77248]
Ordinal0 [0x002D2D59+77145]
Ordinal0 [0x003DBB67+1162087]
GetHandleVerifier [0x004FA966+508998]
GetHandleVerifier [0x004FA6A4+508292]
GetHandleVerifier [0x0050F7B7+594583]
GetHandleVerifier [0x004FB1D6+511158]
Ordinal0 [0x003D402C+1130540]
Ordinal0 [0x003DD4CB+1168587]
Ordinal0 [0x003DD633+1168947]
Ordinal0 [0x003F5B35+1268533]
BaseThreadInitThunk [0x77786359+25]
RtlGetAppContainerNamedObjectPath [0x77D67B74+228]
RtlGetAppContainerNamedObjectPath [0x77D67B44+180]

at sun.reflect.NativeConstructorAccessorImpl.newInstance0(Native Method)
at sun.reflect.NativeConstructorAccessorImpl.newInstance(NativeConstructorAccessorImpl.java:62)
at sun.reflect.DelegatingConstructorAccessorImpl.newInstance(DelegatingConstructorAccessorImpl.java:45)
at java.lang.reflect.Constructor.newInstance(Constructor.java:423)
at org.openqa.selenium.remote.W3CHandshakeResponse.lambda$new$0(W3CHandshakeResponse.java:57)
at org.openqa.selenium.remote.W3CHandshakeResponse.lambda$getResponseFunction$2(W3CHandshakeResponse.java:104)
at org.openqa.selenium.remote.ProtocolHandshake.lambda$createSession$0(ProtocolHandshake.java:123)
at java.util.stream.ReferencePipeline$3$1.accept(ReferencePipeline.java:193)
at java.util.Spliterators$ArraySpliterator.tryAdvance(Spliterators.java:958)
at java.util.stream.ReferencePipeline.forEachWithCancel(ReferencePipeline.java:126)
at java.util.stream.AbstractPipeline.copyIntoWithCancel(AbstractPipeline.java:498)
at java.util.stream.AbstractPipeline.copyInto(AbstractPipeline.java:485)
at java.util.stream.AbstractPipeline.wrapAndCopyInto(AbstractPipeline.java:471)
at java.util.stream.FindOps$FindOp.evaluateSequential(FindOps.java:152)
at java.util.stream.AbstractPipeline.evaluate(AbstractPipeline.java:234)
at java.util.stream.ReferencePipeline.findFirst(ReferencePipeline.java:464)
at org.openqa.selenium.remote.ProtocolHandshake.createSession(ProtocolHandshake.java:126)
at org.openqa.selenium.remote.ProtocolHandshake.createSession(ProtocolHandshake.java:73)
at org.openqa.selenium.remote.HttpCommandExecutor.execute(HttpCommandExecutor.java:136)
at org.openqa.selenium.remote.service.DriverCommandExecutor.execute(DriverCommandExecutor.java:83)
at org.openqa.selenium.remote.RemoteWebDriver.execute(RemoteWebDriver.java:545)
at org.openqa.selenium.remote.RemoteWebDriver.startSession(RemoteWebDriver.java:209)
at org.openqa.selenium.remote.RemoteWebDriver.<init>(RemoteWebDriver.java:132)
at org.openqa.selenium.chrome.ChromeDriver.<init>(ChromeDriver.java:181)
at org.openqa.selenium.chrome.ChromeDriver.<init>(ChromeDriver.java:168)
at org.openqa.selenium.chrome.ChromeDriver.<init>(ChromeDriver.java:123)
at com.wordpress.qa.base.TestBase.initialization(TestBase.java:48)
at com.wordpress.qa.testcases.HomePageTest.setup(HomePageTest.java:41)
at sun.reflect.NativeMethodAccessorImpl.invoke0(Native Method)
at sun.reflect.NativeMethodAccessorImpl.invoke(NativeMethodAccessorImpl.java:62)
at sun.reflect.DelegatingMethodAccessorImpl.invoke(DelegatingMethodAccessorImpl.java:43)
at java.lang.reflect.Method.invoke(Method.java:498)
at org.testng.internal.MethodInvocationHelper.invokeMethod(MethodInvocationHelper.java:133)
at org.testng.internal.MethodInvocationHelper.invokeMethodConsideringTimeout(MethodInvocationHelper.java:62)
at org.testng.internal.ConfigInvoker.invokeConfigurationMethod(ConfigInvoker.java:340)
at org.testng.internal.ConfigInvoker.invokeConfigurations(ConfigInvoker.java:294)
at org.testng.internal.TestInvoker.runConfigMethods(TestInvoker.java:683)
at org.testng.internal.TestInvoker.invokeMethod(TestInvoker.java:510)
at org.testng.internal.TestInvoker.invokeTestMethod(TestInvoker.java:172)
at org.testng.internal.MethodRunner.runInSequence(MethodRunner.java:46)
at org.testng.internal.TestInvoker$MethodInvocationAgent.invoke(TestInvoker.java:804)
at org.testng.internal.TestInvoker.invokeTestMethods(TestInvoker.java:145)
at org.testng.internal.TestMethodWorker.invokeTestMethods(TestMethodWorker.java:146)
at org.testng.internal.TestMethodWorker.run(TestMethodWorker.java:128)
at java.util.ArrayList.forEach(ArrayList.java:1257)
at org.testng.TestRunner.privateRun(TestRunner.java:770)
at org.testng.TestRunner.run(TestRunner.java:591)
at org.testng.SuiteRunner.runTest(SuiteRunner.java:402)
at org.testng.SuiteRunner.runSequentially(SuiteRunner.java:396)
at org.testng.SuiteRunner.privateRun(SuiteRunner.java:355)
at org.testng.SuiteRunner.run(SuiteRunner.java:304)
at org.testng.SuiteRunnerWorker.runSuite(SuiteRunnerWorker.java:53)
at org.testng.SuiteRunnerWorker.run(SuiteRunnerWorker.java:96)
at org.testng.TestNG.runSuitesSequentially(TestNG.java:1180)
at org.testng.TestNG.runSuitesLocally(TestNG.java:1102)
at org.testng.TestNG.runSuites(TestNG.java:1032)
at org.testng.TestNG.run(TestNG.java:1000)
at org.testng.remote.AbstractRemoteTestNG.run(AbstractRemoteTestNG.java:115)
at org.testng.remote.RemoteTestNG.initAndRun(RemoteTestNG.java:251)
at org.testng.remote.RemoteTestNG.main(RemoteTestNG.java:77)
]]>
            </full-stacktrace>
          </exception> <!-- org.openqa.selenium.SessionNotCreatedException -->
          <reporter-output>
          </reporter-output>
        </test-method> <!-- verifyAddNewPostLinkTest -->
        <test-method status="SKIP" signature="tearDown(org.testng.ITestResult)[pri:0, instance:com.wordpress.qa.testcases.HomePageTest@646d64ab]" name="tearDown" is-config="true" duration-ms="-1586180245029" started-at="2020-04-06T19:07:25 IST" finished-at="1970-01-01T05:30:00 IST">
          <reporter-output>
          </reporter-output>
        </test-method> <!-- tearDown -->
        <test-method status="SKIP" signature="setup()[pri:0, instance:com.wordpress.qa.testcases.HomePageTest@646d64ab]" name="setup" is-config="true" duration-ms="-1586180245032" started-at="2020-04-06T19:07:25 IST" finished-at="1970-01-01T05:30:00 IST">
          <reporter-output>
          </reporter-output>
        </test-method> <!-- setup -->
        <test-method status="SKIP" signature="verifyAddNewUserLinkTest()[pri:0, instance:com.wordpress.qa.testcases.HomePageTest@646d64ab]" name="verifyAddNewUserLinkTest" duration-ms="0" started-at="2020-04-06T19:07:25 IST" finished-at="2020-04-06T19:07:25 IST">
          <exception class="org.openqa.selenium.SessionNotCreatedException">
            <message>
              <![CDATA[session not created
from disconnected: unable to connect to renderer
  (Session info: chrome=80.0.3987.149)
Build info: version: '3.11.0', revision: 'e59cfb3', time: '2018-03-11T20:26:55.152Z'
System info: host: 'DESKTOP-VDML5CQ', ip: '192.168.43.196', os.name: 'Windows 10', os.arch: 'amd64', os.version: '10.0', java.version: '1.8.0_211'
Driver info: driver.version: ChromeDriver
remote stacktrace: Backtrace:
Ordinal0 [0x00460C83+1707139]
Ordinal0 [0x003C68F1+1075441]
Ordinal0 [0x0033DFC9+516041]
Ordinal0 [0x00334F74+479092]
Ordinal0 [0x0033ECA0+519328]
Ordinal0 [0x002ECA67+182887]
Ordinal0 [0x002EBDDD+179677]
Ordinal0 [0x002E9D4B+171339]
Ordinal0 [0x002D1D4A+73034]
Ordinal0 [0x002D2DC0+77248]
Ordinal0 [0x002D2D59+77145]
Ordinal0 [0x003DBB67+1162087]
GetHandleVerifier [0x004FA966+508998]
GetHandleVerifier [0x004FA6A4+508292]
GetHandleVerifier [0x0050F7B7+594583]
GetHandleVerifier [0x004FB1D6+511158]
Ordinal0 [0x003D402C+1130540]
Ordinal0 [0x003DD4CB+1168587]
Ordinal0 [0x003DD633+1168947]
Ordinal0 [0x003F5B35+1268533]
BaseThreadInitThunk [0x77786359+25]
RtlGetAppContainerNamedObjectPath [0x77D67B74+228]
RtlGetAppContainerNamedObjectPath [0x77D67B44+180]
]]>
            </message>
            <full-stacktrace>
              <![CDATA[org.openqa.selenium.SessionNotCreatedException: session not created
from disconnected: unable to connect to renderer
  (Session info: chrome=80.0.3987.149)
Build info: version: '3.11.0', revision: 'e59cfb3', time: '2018-03-11T20:26:55.152Z'
System info: host: 'DESKTOP-VDML5CQ', ip: '192.168.43.196', os.name: 'Windows 10', os.arch: 'amd64', os.version: '10.0', java.version: '1.8.0_211'
Driver info: driver.version: ChromeDriver
remote stacktrace: Backtrace:
Ordinal0 [0x00460C83+1707139]
Ordinal0 [0x003C68F1+1075441]
Ordinal0 [0x0033DFC9+516041]
Ordinal0 [0x00334F74+479092]
Ordinal0 [0x0033ECA0+519328]
Ordinal0 [0x002ECA67+182887]
Ordinal0 [0x002EBDDD+179677]
Ordinal0 [0x002E9D4B+171339]
Ordinal0 [0x002D1D4A+73034]
Ordinal0 [0x002D2DC0+77248]
Ordinal0 [0x002D2D59+77145]
Ordinal0 [0x003DBB67+1162087]
GetHandleVerifier [0x004FA966+508998]
GetHandleVerifier [0x004FA6A4+508292]
GetHandleVerifier [0x0050F7B7+594583]
GetHandleVerifier [0x004FB1D6+511158]
Ordinal0 [0x003D402C+1130540]
Ordinal0 [0x003DD4CB+1168587]
Ordinal0 [0x003DD633+1168947]
Ordinal0 [0x003F5B35+1268533]
BaseThreadInitThunk [0x77786359+25]
RtlGetAppContainerNamedObjectPath [0x77D67B74+228]
RtlGetAppContainerNamedObjectPath [0x77D67B44+180]

at sun.reflect.NativeConstructorAccessorImpl.newInstance0(Native Method)
at sun.reflect.NativeConstructorAccessorImpl.newInstance(NativeConstructorAccessorImpl.java:62)
at sun.reflect.DelegatingConstructorAccessorImpl.newInstance(DelegatingConstructorAccessorImpl.java:45)
at java.lang.reflect.Constructor.newInstance(Constructor.java:423)
at org.openqa.selenium.remote.W3CHandshakeResponse.lambda$new$0(W3CHandshakeResponse.java:57)
at org.openqa.selenium.remote.W3CHandshakeResponse.lambda$getResponseFunction$2(W3CHandshakeResponse.java:104)
at org.openqa.selenium.remote.ProtocolHandshake.lambda$createSession$0(ProtocolHandshake.java:123)
at java.util.stream.ReferencePipeline$3$1.accept(ReferencePipeline.java:193)
at java.util.Spliterators$ArraySpliterator.tryAdvance(Spliterators.java:958)
at java.util.stream.ReferencePipeline.forEachWithCancel(ReferencePipeline.java:126)
at java.util.stream.AbstractPipeline.copyIntoWithCancel(AbstractPipeline.java:498)
at java.util.stream.AbstractPipeline.copyInto(AbstractPipeline.java:485)
at java.util.stream.AbstractPipeline.wrapAndCopyInto(AbstractPipeline.java:471)
at java.util.stream.FindOps$FindOp.evaluateSequential(FindOps.java:152)
at java.util.stream.AbstractPipeline.evaluate(AbstractPipeline.java:234)
at java.util.stream.ReferencePipeline.findFirst(ReferencePipeline.java:464)
at org.openqa.selenium.remote.ProtocolHandshake.createSession(ProtocolHandshake.java:126)
at org.openqa.selenium.remote.ProtocolHandshake.createSession(ProtocolHandshake.java:73)
at org.openqa.selenium.remote.HttpCommandExecutor.execute(HttpCommandExecutor.java:136)
at org.openqa.selenium.remote.service.DriverCommandExecutor.execute(DriverCommandExecutor.java:83)
at org.openqa.selenium.remote.RemoteWebDriver.execute(RemoteWebDriver.java:545)
at org.openqa.selenium.remote.RemoteWebDriver.startSession(RemoteWebDriver.java:209)
at org.openqa.selenium.remote.RemoteWebDriver.<init>(RemoteWebDriver.java:132)
at org.openqa.selenium.chrome.ChromeDriver.<init>(ChromeDriver.java:181)
at org.openqa.selenium.chrome.ChromeDriver.<init>(ChromeDriver.java:168)
at org.openqa.selenium.chrome.ChromeDriver.<init>(ChromeDriver.java:123)
at com.wordpress.qa.base.TestBase.initialization(TestBase.java:48)
at com.wordpress.qa.testcases.HomePageTest.setup(HomePageTest.java:41)
at sun.reflect.NativeMethodAccessorImpl.invoke0(Native Method)
at sun.reflect.NativeMethodAccessorImpl.invoke(NativeMethodAccessorImpl.java:62)
at sun.reflect.DelegatingMethodAccessorImpl.invoke(DelegatingMethodAccessorImpl.java:43)
at java.lang.reflect.Method.invoke(Method.java:498)
at org.testng.internal.MethodInvocationHelper.invokeMethod(MethodInvocationHelper.java:133)
at org.testng.internal.MethodInvocationHelper.invokeMethodConsideringTimeout(MethodInvocationHelper.java:62)
at org.testng.internal.ConfigInvoker.invokeConfigurationMethod(ConfigInvoker.java:340)
at org.testng.internal.ConfigInvoker.invokeConfigurations(ConfigInvoker.java:294)
at org.testng.internal.TestInvoker.runConfigMethods(TestInvoker.java:683)
at org.testng.internal.TestInvoker.invokeMethod(TestInvoker.java:510)
at org.testng.internal.TestInvoker.invokeTestMethod(TestInvoker.java:172)
at org.testng.internal.MethodRunner.runInSequence(MethodRunner.java:46)
at org.testng.internal.TestInvoker$MethodInvocationAgent.invoke(TestInvoker.java:804)
at org.testng.internal.TestInvoker.invokeTestMethods(TestInvoker.java:145)
at org.testng.internal.TestMethodWorker.invokeTestMethods(TestMethodWorker.java:146)
at org.testng.internal.TestMethodWorker.run(TestMethodWorker.java:128)
at java.util.ArrayList.forEach(ArrayList.java:1257)
at org.testng.TestRunner.privateRun(TestRunner.java:770)
at org.testng.TestRunner.run(TestRunner.java:591)
at org.testng.SuiteRunner.runTest(SuiteRunner.java:402)
at org.testng.SuiteRunner.runSequentially(SuiteRunner.java:396)
at org.testng.SuiteRunner.privateRun(SuiteRunner.java:355)
at org.testng.SuiteRunner.run(SuiteRunner.java:304)
at org.testng.SuiteRunnerWorker.runSuite(SuiteRunnerWorker.java:53)
at org.testng.SuiteRunnerWorker.run(SuiteRunnerWorker.java:96)
at org.testng.TestNG.runSuitesSequentially(TestNG.java:1180)
at org.testng.TestNG.runSuitesLocally(TestNG.java:1102)
at org.testng.TestNG.runSuites(TestNG.java:1032)
at org.testng.TestNG.run(TestNG.java:1000)
at org.testng.remote.AbstractRemoteTestNG.run(AbstractRemoteTestNG.java:115)
at org.testng.remote.RemoteTestNG.initAndRun(RemoteTestNG.java:251)
at org.testng.remote.RemoteTestNG.main(RemoteTestNG.java:77)
]]>
            </full-stacktrace>
          </exception> <!-- org.openqa.selenium.SessionNotCreatedException -->
          <reporter-output>
          </reporter-output>
        </test-method> <!-- verifyAddNewUserLinkTest -->
        <test-method status="SKIP" signature="tearDown(org.testng.ITestResult)[pri:0, instance:com.wordpress.qa.testcases.HomePageTest@646d64ab]" name="tearDown" is-config="true" duration-ms="-1586180245038" started-at="2020-04-06T19:07:25 IST" finished-at="1970-01-01T05:30:00 IST">
          <reporter-output>
          </reporter-output>
        </test-method> <!-- tearDown -->
        <test-method status="SKIP" signature="endTest()[pri:0, instance:com.wordpress.qa.testcases.HomePageTest@646d64ab]" name="endTest" is-config="true" duration-ms="-1586180245041" started-at="2020-04-06T19:07:25 IST" finished-at="1970-01-01T05:30:00 IST">
          <reporter-output>
          </reporter-output>
        </test-method> <!-- endTest -->
      </class> <!-- com.wordpress.qa.testcases.HomePageTest -->
    </test> <!-- WordPressApplicationTest(failed) -->
  </suite> <!-- Failed suite [AutomationTestSuite] -->
</testng-results>
